<?xml version="1.0" encoding="UTF-8"?>
<!-- Generated by org.testng.reporters.JUnitXMLReporter -->
<testsuite hostname="DESKTOP-PHF47C1" ignored="0" name="Test cases" tests="1" failures="1" timestamp="2020-01-05T12:59:28 IST" time="2.028" errors="0">
  <testcase name="@AfterMethod failcheck" time="0.636" classname="CommonFunctions.Commonfunctions">
    <failure type="java.lang.NullPointerException">
      <![CDATA[java.lang.NullPointerException
at javax.imageio.ImageIO.write(Unknown Source)
at CommonFunctions.CaptureScreenshots.takeScreenshot(CaptureScreenshots.java:31)
at CommonFunctions.Commonfunctions.failcheck(Commonfunctions.java:48)
at java.util.ArrayList.forEach(Unknown Source)
... Removed 32 stack frames]]>
    </failure>
  </testcase> <!-- @AfterMethod failcheck -->
  <testcase name="logintestcase" time="1.18" classname="TestCases.Logintest">
    <failure type="java.lang.IllegalArgumentException" message="Keys to send should be a not null CharSequence">
      <![CDATA[java.lang.IllegalArgumentException: Keys to send should be a not null CharSequence
at org.openqa.selenium.remote.RemoteWebElement.sendKeys(RemoteWebElement.java:97)
at org.openqa.selenium.support.pagefactory.internal.LocatingElementHandler.invoke(LocatingElementHandler.java:51)
at com.sun.proxy.$Proxy10.sendKeys(Unknown Source)
at TestCases.Logintest.logintestcase(Logintest.java:16)
at java.util.ArrayList.forEach(Unknown Source)
... Removed 31 stack frames]]>
    </failure>
  </testcase> <!-- logintestcase -->
</testsuite> <!-- Test cases -->
