<?xml version="1.0" encoding="UTF-8"?>
<!-- Generated by org.testng.reporters.JUnitXMLReporter -->
<testsuite hostname="DESKTOP-PHF47C1" ignored="0" name="Testcart" tests="1" failures="1" timestamp="2020-02-16T17:23:26 IST" time="30.038" errors="0">
  <testcase name="AddCartTestCase" time="30.019" classname="TestCases.AddCartTest">
    <failure type="java.lang.NullPointerException">
      <![CDATA[java.lang.NullPointerException
at org.openqa.selenium.support.pagefactory.DefaultElementLocator.findElement(DefaultElementLocator.java:69)
at org.openqa.selenium.support.pagefactory.internal.LocatingElementHandler.invoke(LocatingElementHandler.java:38)
at com.sun.proxy.$Proxy9.click(Unknown Source)
at TestCases.AddCartTest.AddCartTestCase(AddCartTest.java:24)
at java.util.ArrayList.forEach(Unknown Source)
... Removed 27 stack frames]]>
    </failure>
  </testcase> <!-- AddCartTestCase -->
</testsuite> <!-- Testcart -->
